[24.11.2012 01:19:55,916] [main] INFO  jcolibri.evaluation.evaluators.SameSplitEvaluator  - Running cycle() 837
[24.11.2012 01:19:56,868] [main] INFO  jcolibri.evaluation.evaluators.SameSplitEvaluator  - Running cycle() 838
[24.11.2012 01:19:57,820] [main] INFO  jcolibri.evaluation.evaluators.SameSplitEvaluator  - Running cycle() 839
[24.11.2012 01:19:58,773] [main] INFO  jcolibri.evaluation.evaluators.SameSplitEvaluator  - Running cycle() 840
[24.11.2012 01:19:59,724] [main] INFO  jcolibri.evaluation.evaluators.SameSplitEvaluator  - Running cycle() 841
[24.11.2012 01:20:00,833] [main] INFO  jcolibri.evaluation.evaluators.SameSplitEvaluator  - Running cycle() 842
[24.11.2012 01:20:01,786] [main] INFO  jcolibri.evaluation.evaluators.SameSplitEvaluator  - Running cycle() 843
[24.11.2012 01:20:02,722] [main] INFO  jcolibri.evaluation.evaluators.SameSplitEvaluator  - Running cycle() 844
[24.11.2012 01:20:03,662] [main] INFO  jcolibri.evaluation.evaluators.SameSplitEvaluator  - Running cycle() 845
[24.11.2012 01:20:04,598] [main] INFO  jcolibri.evaluation.evaluators.SameSplitEvaluator  - Running cycle() 846
[24.11.2012 01:20:05,550] [main] INFO  jcolibri.evaluation.evaluators.SameSplitEvaluator  - Running cycle() 847
[24.11.2012 01:20:06,486] [main] INFO  jcolibri.evaluation.evaluators.SameSplitEvaluator  - Running cycle() 848
[24.11.2012 01:20:07,439] [main] INFO  jcolibri.evaluation.evaluators.SameSplitEvaluator  - Running cycle() 849
[24.11.2012 01:20:08,390] [main] INFO  jcolibri.evaluation.evaluators.SameSplitEvaluator  - Running cycle() 850
[24.11.2012 01:20:09,343] [main] INFO  jcolibri.evaluation.evaluators.SameSplitEvaluator  - Running cycle() 851
[24.11.2012 01:20:10,279] [main] INFO  jcolibri.evaluation.evaluators.SameSplitEvaluator  - Running cycle() 852
[24.11.2012 01:20:11,232] [main] INFO  jcolibri.evaluation.evaluators.SameSplitEvaluator  - Running cycle() 853
[24.11.2012 01:20:12,168] [main] INFO  jcolibri.evaluation.evaluators.SameSplitEvaluator  - Running cycle() 854
[24.11.2012 01:20:13,112] [main] INFO  jcolibri.evaluation.evaluators.SameSplitEvaluator  - Running cycle() 855
[24.11.2012 01:20:14,048] [main] INFO  jcolibri.evaluation.evaluators.SameSplitEvaluator  - Running cycle() 856
[24.11.2012 01:20:15,008] [main] INFO  jcolibri.evaluation.evaluators.SameSplitEvaluator  - Running cycle() 857
[24.11.2012 01:20:15,991] [main] INFO  jcolibri.evaluation.evaluators.SameSplitEvaluator  - Running cycle() 858
[24.11.2012 01:20:16,944] [main] INFO  jcolibri.evaluation.evaluators.SameSplitEvaluator  - Running cycle() 859
[24.11.2012 01:20:17,895] [main] INFO  jcolibri.evaluation.evaluators.SameSplitEvaluator  - Running cycle() 860
[24.11.2012 01:20:18,832] [main] INFO  jcolibri.evaluation.evaluators.SameSplitEvaluator  - Running cycle() 861
[24.11.2012 01:20:19,784] [main] INFO  jcolibri.evaluation.evaluators.SameSplitEvaluator  - Running cycle() 862
[24.11.2012 01:20:20,721] [main] INFO  jcolibri.evaluation.evaluators.SameSplitEvaluator  - Running cycle() 863
[24.11.2012 01:20:21,688] [main] INFO  jcolibri.evaluation.evaluators.SameSplitEvaluator  - Running cycle() 864
[24.11.2012 01:20:22,625] [main] INFO  jcolibri.evaluation.evaluators.SameSplitEvaluator  - Running cycle() 865
[24.11.2012 01:20:23,592] [main] INFO  jcolibri.evaluation.evaluators.SameSplitEvaluator  - Running cycle() 866
[24.11.2012 01:20:24,529] [main] INFO  jcolibri.evaluation.evaluators.SameSplitEvaluator  - Running cycle() 867
[24.11.2012 01:20:25,481] [main] INFO  jcolibri.evaluation.evaluators.SameSplitEvaluator  - Running cycle() 868
[24.11.2012 01:20:26,418] [main] INFO  jcolibri.evaluation.evaluators.SameSplitEvaluator  - Running cycle() 869
[24.11.2012 01:20:27,354] [main] INFO  jcolibri.evaluation.evaluators.SameSplitEvaluator  - Running cycle() 870
[24.11.2012 01:20:28,291] [main] INFO  jcolibri.evaluation.evaluators.SameSplitEvaluator  - Running cycle() 871
[24.11.2012 01:20:29,242] [main] INFO  jcolibri.evaluation.evaluators.SameSplitEvaluator  - Running cycle() 872
[24.11.2012 01:20:30,195] [main] INFO  jcolibri.evaluation.evaluators.SameSplitEvaluator  - Running cycle() 873
[24.11.2012 01:20:31,131] [main] INFO  jcolibri.evaluation.evaluators.SameSplitEvaluator  - Running cycle() 874
[24.11.2012 01:20:32,052] [main] INFO  jcolibri.evaluation.evaluators.SameSplitEvaluator  - Running cycle() 875
[24.11.2012 01:20:33,004] [main] INFO  jcolibri.evaluation.evaluators.SameSplitEvaluator  - Running cycle() 876
[24.11.2012 01:20:33,957] [main] INFO  jcolibri.evaluation.evaluators.SameSplitEvaluator  - Running cycle() 877
[24.11.2012 01:20:34,908] [main] INFO  jcolibri.evaluation.evaluators.SameSplitEvaluator  - Running cycle() 878
[24.11.2012 01:20:35,861] [main] INFO  jcolibri.evaluation.evaluators.SameSplitEvaluator  - Running cycle() 879
[24.11.2012 01:20:36,797] [main] INFO  jcolibri.evaluation.evaluators.SameSplitEvaluator  - Running cycle() 880
[24.11.2012 01:20:37,749] [main] INFO  jcolibri.evaluation.evaluators.SameSplitEvaluator  - Running cycle() 881
[24.11.2012 01:20:38,701] [main] INFO  jcolibri.evaluation.evaluators.SameSplitEvaluator  - Running cycle() 882
[24.11.2012 01:20:39,638] [main] INFO  jcolibri.evaluation.evaluators.SameSplitEvaluator  - Running cycle() 883
[24.11.2012 01:20:40,590] [main] INFO  jcolibri.evaluation.evaluators.SameSplitEvaluator  - Running cycle() 884
[24.11.2012 01:20:41,527] [main] INFO  jcolibri.evaluation.evaluators.SameSplitEvaluator  - Running cycle() 885
[24.11.2012 01:20:42,478] [main] INFO  jcolibri.evaluation.evaluators.SameSplitEvaluator  - Running cycle() 886
[24.11.2012 01:20:43,431] [main] INFO  jcolibri.evaluation.evaluators.SameSplitEvaluator  - Running cycle() 887
[24.11.2012 01:20:44,398] [main] INFO  jcolibri.evaluation.evaluators.SameSplitEvaluator  - Running cycle() 888
[24.11.2012 01:20:45,328] [main] INFO  jcolibri.evaluation.evaluators.SameSplitEvaluator  - Running cycle() 889
[24.11.2012 01:20:46,248] [main] INFO  jcolibri.evaluation.evaluators.SameSplitEvaluator  - Running cycle() 890
[24.11.2012 01:20:47,217] [main] INFO  jcolibri.evaluation.evaluators.SameSplitEvaluator  - Running cycle() 891
[24.11.2012 01:20:48,168] [main] INFO  jcolibri.evaluation.evaluators.SameSplitEvaluator  - Running cycle() 892
[24.11.2012 01:20:49,121] [main] INFO  jcolibri.evaluation.evaluators.SameSplitEvaluator  - Running cycle() 893
[24.11.2012 01:20:50,072] [main] INFO  jcolibri.evaluation.evaluators.SameSplitEvaluator  - Running cycle() 894
[24.11.2012 01:20:51,009] [main] INFO  jcolibri.evaluation.evaluators.SameSplitEvaluator  - Running cycle() 895
[24.11.2012 01:20:51,945] [main] INFO  jcolibri.evaluation.evaluators.SameSplitEvaluator  - Running cycle() 896
[24.11.2012 01:20:52,889] [main] INFO  jcolibri.evaluation.evaluators.SameSplitEvaluator  - Running cycle() 897
[24.11.2012 01:20:53,841] [main] INFO  jcolibri.evaluation.evaluators.SameSplitEvaluator  - Running cycle() 898
[24.11.2012 01:20:54,794] [main] INFO  jcolibri.evaluation.evaluators.SameSplitEvaluator  - Running cycle() 899
[24.11.2012 01:20:55,745] [main] INFO  jcolibri.evaluation.evaluators.SameSplitEvaluator  - Running cycle() 900
[24.11.2012 01:20:56,698] [main] INFO  jcolibri.evaluation.evaluators.SameSplitEvaluator  - Running cycle() 901
[24.11.2012 01:20:57,649] [main] INFO  jcolibri.evaluation.evaluators.SameSplitEvaluator  - Running cycle() 902
[24.11.2012 01:20:58,602] [main] INFO  jcolibri.evaluation.evaluators.SameSplitEvaluator  - Running cycle() 903
[24.11.2012 01:20:59,554] [main] INFO  jcolibri.evaluation.evaluators.SameSplitEvaluator  - Running cycle() 904
[24.11.2012 01:21:00,475] [main] INFO  jcolibri.evaluation.evaluators.SameSplitEvaluator  - Running cycle() 905
[24.11.2012 01:21:01,442] [main] INFO  jcolibri.evaluation.evaluators.SameSplitEvaluator  - Running cycle() 906
[24.11.2012 01:21:02,395] [main] INFO  jcolibri.evaluation.evaluators.SameSplitEvaluator  - Running cycle() 907
[24.11.2012 01:21:03,331] [main] INFO  jcolibri.evaluation.evaluators.SameSplitEvaluator  - Running cycle() 908
[24.11.2012 01:21:04,277] [main] INFO  jcolibri.evaluation.evaluators.SameSplitEvaluator  - Running cycle() 909
[24.11.2012 01:21:05,228] [main] INFO  jcolibri.evaluation.evaluators.SameSplitEvaluator  - Running cycle() 910
[24.11.2012 01:21:06,181] [main] INFO  jcolibri.evaluation.evaluators.SameSplitEvaluator  - Running cycle() 911
[24.11.2012 01:21:07,133] [main] INFO  jcolibri.evaluation.evaluators.SameSplitEvaluator  - Running cycle() 912
[24.11.2012 01:21:08,101] [main] INFO  jcolibri.evaluation.evaluators.SameSplitEvaluator  - Running cycle() 913
[24.11.2012 01:21:09,037] [main] INFO  jcolibri.evaluation.evaluators.SameSplitEvaluator  - Running cycle() 914
[24.11.2012 01:21:09,989] [main] INFO  jcolibri.evaluation.evaluators.SameSplitEvaluator  - Running cycle() 915
[24.11.2012 01:21:10,925] [main] INFO  jcolibri.evaluation.evaluators.SameSplitEvaluator  - Running cycle() 916
[24.11.2012 01:21:11,860] [main] INFO  jcolibri.evaluation.evaluators.SameSplitEvaluator  - Running cycle() 917
[24.11.2012 01:21:12,796] [main] INFO  jcolibri.evaluation.evaluators.SameSplitEvaluator  - Running cycle() 918
[24.11.2012 01:21:13,765] [main] INFO  jcolibri.evaluation.evaluators.SameSplitEvaluator  - Running cycle() 919
[24.11.2012 01:21:14,701] [main] INFO  jcolibri.evaluation.evaluators.SameSplitEvaluator  - Running cycle() 920
[24.11.2012 01:21:15,653] [main] INFO  jcolibri.evaluation.evaluators.SameSplitEvaluator  - Running cycle() 921
[24.11.2012 01:21:16,589] [main] INFO  jcolibri.evaluation.evaluators.SameSplitEvaluator  - Running cycle() 922
[24.11.2012 01:21:17,526] [main] INFO  jcolibri.evaluation.evaluators.SameSplitEvaluator  - Running cycle() 923
[24.11.2012 01:21:18,478] [main] INFO  jcolibri.evaluation.evaluators.SameSplitEvaluator  - Running cycle() 924
[24.11.2012 01:21:19,418] [main] INFO  jcolibri.evaluation.evaluators.SameSplitEvaluator  - Running cycle() 925
[24.11.2012 01:21:20,385] [main] INFO  jcolibri.evaluation.evaluators.SameSplitEvaluator  - Running cycle() 926
[24.11.2012 01:21:21,338] [main] INFO  jcolibri.evaluation.evaluators.SameSplitEvaluator  - Running cycle() 927
[24.11.2012 01:21:22,258] [main] INFO  jcolibri.evaluation.evaluators.SameSplitEvaluator  - Running cycle() 928
[24.11.2012 01:21:23,195] [main] INFO  jcolibri.evaluation.evaluators.SameSplitEvaluator  - Running cycle() 929
[24.11.2012 01:21:24,147] [main] INFO  jcolibri.evaluation.evaluators.SameSplitEvaluator  - Running cycle() 930
[24.11.2012 01:21:25,084] [main] INFO  jcolibri.evaluation.evaluators.SameSplitEvaluator  - Running cycle() 931
[24.11.2012 01:21:26,035] [main] INFO  jcolibri.evaluation.evaluators.SameSplitEvaluator  - Running cycle() 932
[24.11.2012 01:21:26,972] [main] INFO  jcolibri.evaluation.evaluators.SameSplitEvaluator  - Running cycle() 933
[24.11.2012 01:21:27,924] [main] INFO  jcolibri.evaluation.evaluators.SameSplitEvaluator  - Running cycle() 934
[24.11.2012 01:21:28,876] [main] INFO  jcolibri.evaluation.evaluators.SameSplitEvaluator  - Running cycle() 935
[24.11.2012 01:21:29,812] [main] INFO  jcolibri.evaluation.evaluators.SameSplitEvaluator  - Running cycle() 936
[24.11.2012 01:21:30,749] [main] INFO  jcolibri.evaluation.evaluators.SameSplitEvaluator  - Running cycle() 937
[24.11.2012 01:21:31,701] [main] INFO  jcolibri.evaluation.evaluators.SameSplitEvaluator  - Running cycle() 938
[24.11.2012 01:21:32,654] [main] INFO  jcolibri.evaluation.evaluators.SameSplitEvaluator  - Running cycle() 939
[24.11.2012 01:21:33,605] [main] INFO  jcolibri.evaluation.evaluators.SameSplitEvaluator  - Running cycle() 940
[24.11.2012 01:21:34,558] [main] INFO  jcolibri.evaluation.evaluators.SameSplitEvaluator  - Running cycle() 941
[24.11.2012 01:21:35,494] [main] INFO  jcolibri.evaluation.evaluators.SameSplitEvaluator  - Running cycle() 942
[24.11.2012 01:21:36,431] [main] INFO  jcolibri.evaluation.evaluators.SameSplitEvaluator  - Running cycle() 943
[24.11.2012 01:21:37,382] [main] INFO  jcolibri.evaluation.evaluators.SameSplitEvaluator  - Running cycle() 944
[24.11.2012 01:21:38,351] [main] INFO  jcolibri.evaluation.evaluators.SameSplitEvaluator  - Running cycle() 945
[24.11.2012 01:21:39,302] [main] INFO  jcolibri.evaluation.evaluators.SameSplitEvaluator  - Running cycle() 946
[24.11.2012 01:21:40,239] [main] INFO  jcolibri.evaluation.evaluators.SameSplitEvaluator  - Running cycle() 947
[24.11.2012 01:21:41,222] [main] INFO  jcolibri.evaluation.evaluators.SameSplitEvaluator  - Running cycle() 948
[24.11.2012 01:21:42,160] [main] INFO  jcolibri.evaluation.evaluators.SameSplitEvaluator  - Running cycle() 949
[24.11.2012 01:21:43,096] [main] INFO  jcolibri.evaluation.evaluators.SameSplitEvaluator  - Running cycle() 950
[24.11.2012 01:21:44,033] [main] INFO  jcolibri.evaluation.evaluators.SameSplitEvaluator  - Running cycle() 951
[24.11.2012 01:21:44,985] [main] INFO  jcolibri.evaluation.evaluators.SameSplitEvaluator  - Running cycle() 952
[24.11.2012 01:21:45,941] [main] INFO  jcolibri.evaluation.evaluators.SameSplitEvaluator  - Running cycle() 953
[24.11.2012 01:21:46,877] [main] INFO  jcolibri.evaluation.evaluators.SameSplitEvaluator  - Running cycle() 954
[24.11.2012 01:21:47,837] [main] INFO  jcolibri.evaluation.evaluators.SameSplitEvaluator  - Running cycle() 955
[24.11.2012 01:21:48,805] [main] INFO  jcolibri.evaluation.evaluators.SameSplitEvaluator  - Running cycle() 956
[24.11.2012 01:21:49,757] [main] INFO  jcolibri.evaluation.evaluators.SameSplitEvaluator  - Running cycle() 957
[24.11.2012 01:21:50,709] [main] INFO  jcolibri.evaluation.evaluators.SameSplitEvaluator  - Running cycle() 958
[24.11.2012 01:21:51,662] [main] INFO  jcolibri.evaluation.evaluators.SameSplitEvaluator  - Running cycle() 959
[24.11.2012 01:21:52,630] [main] INFO  jcolibri.evaluation.evaluators.SameSplitEvaluator  - Running cycle() 960
[24.11.2012 01:21:53,567] [main] INFO  jcolibri.evaluation.evaluators.SameSplitEvaluator  - Running cycle() 961
[24.11.2012 01:21:54,518] [main] INFO  jcolibri.evaluation.evaluators.SameSplitEvaluator  - Running cycle() 962
[24.11.2012 01:21:55,471] [main] INFO  jcolibri.evaluation.evaluators.SameSplitEvaluator  - Running cycle() 963
[24.11.2012 01:21:56,422] [main] INFO  jcolibri.evaluation.evaluators.SameSplitEvaluator  - Running cycle() 964
[24.11.2012 01:21:57,359] [main] INFO  jcolibri.evaluation.evaluators.SameSplitEvaluator  - Running cycle() 965
[24.11.2012 01:21:58,295] [main] INFO  jcolibri.evaluation.evaluators.SameSplitEvaluator  - Running cycle() 966
[24.11.2012 01:21:59,233] [main] INFO  jcolibri.evaluation.evaluators.SameSplitEvaluator  - Running cycle() 967
[24.11.2012 01:22:00,201] [main] INFO  jcolibri.evaluation.evaluators.SameSplitEvaluator  - Running cycle() 968
[24.11.2012 01:22:01,153] [main] INFO  jcolibri.evaluation.evaluators.SameSplitEvaluator  - Running cycle() 969
[24.11.2012 01:22:02,136] [main] INFO  jcolibri.evaluation.evaluators.SameSplitEvaluator  - Running cycle() 970
[24.11.2012 01:22:03,089] [main] INFO  jcolibri.evaluation.evaluators.SameSplitEvaluator  - Running cycle() 971
[24.11.2012 01:22:04,025] [main] INFO  jcolibri.evaluation.evaluators.SameSplitEvaluator  - Running cycle() 972
[24.11.2012 01:22:04,962] [main] INFO  jcolibri.evaluation.evaluators.SameSplitEvaluator  - Running cycle() 973
[24.11.2012 01:22:05,929] [main] INFO  jcolibri.evaluation.evaluators.SameSplitEvaluator  - Running cycle() 974
[24.11.2012 01:22:06,866] [main] INFO  jcolibri.evaluation.evaluators.SameSplitEvaluator  - Running cycle() 975
[24.11.2012 01:22:07,817] [main] INFO  jcolibri.evaluation.evaluators.SameSplitEvaluator  - Running cycle() 976
[24.11.2012 01:22:08,770] [main] INFO  jcolibri.evaluation.evaluators.SameSplitEvaluator  - Running cycle() 977
[24.11.2012 01:22:09,722] [main] INFO  jcolibri.evaluation.evaluators.SameSplitEvaluator  - Running cycle() 978
[24.11.2012 01:22:10,674] [main] INFO  jcolibri.evaluation.evaluators.SameSplitEvaluator  - Running cycle() 979
[24.11.2012 01:22:11,610] [main] INFO  jcolibri.evaluation.evaluators.SameSplitEvaluator  - Running cycle() 980
[24.11.2012 01:22:12,563] [main] INFO  jcolibri.evaluation.evaluators.SameSplitEvaluator  - Running cycle() 981
[24.11.2012 01:22:13,499] [main] INFO  jcolibri.evaluation.evaluators.SameSplitEvaluator  - Running cycle() 982
[24.11.2012 01:22:14,451] [main] INFO  jcolibri.evaluation.evaluators.SameSplitEvaluator  - Running cycle() 983
[24.11.2012 01:22:15,419] [main] INFO  jcolibri.evaluation.evaluators.SameSplitEvaluator  - Running cycle() 984
[24.11.2012 01:22:16,387] [main] INFO  jcolibri.evaluation.evaluators.SameSplitEvaluator  - Running cycle() 985
[24.11.2012 01:22:17,370] [main] INFO  jcolibri.evaluation.evaluators.SameSplitEvaluator  - Running cycle() 986
[24.11.2012 01:22:18,326] [main] INFO  jcolibri.evaluation.evaluators.SameSplitEvaluator  - Running cycle() 987
[24.11.2012 01:22:19,262] [main] INFO  jcolibri.evaluation.evaluators.SameSplitEvaluator  - Running cycle() 988
[24.11.2012 01:22:20,228] [main] INFO  jcolibri.evaluation.evaluators.SameSplitEvaluator  - Running cycle() 989
[24.11.2012 01:22:21,179] [main] INFO  jcolibri.evaluation.evaluators.SameSplitEvaluator  - Running cycle() 990
[24.11.2012 01:22:22,132] [main] INFO  jcolibri.evaluation.evaluators.SameSplitEvaluator  - Running cycle() 991
[24.11.2012 01:22:23,068] [main] INFO  jcolibri.evaluation.evaluators.SameSplitEvaluator  - Running cycle() 992
[24.11.2012 01:22:24,027] [main] INFO  jcolibri.evaluation.evaluators.SameSplitEvaluator  - Running cycle() 993
[24.11.2012 01:22:24,994] [main] INFO  jcolibri.evaluation.evaluators.SameSplitEvaluator  - Running cycle() 994
[24.11.2012 01:22:25,931] [main] INFO  jcolibri.evaluation.evaluators.SameSplitEvaluator  - Running cycle() 995
[24.11.2012 01:22:26,867] [main] INFO  jcolibri.evaluation.evaluators.SameSplitEvaluator  - Running cycle() 996
[24.11.2012 01:22:27,866] [main] INFO  jcolibri.evaluation.evaluators.SameSplitEvaluator  - Running cycle() 997
[24.11.2012 01:22:28,802] [main] INFO  jcolibri.evaluation.evaluators.SameSplitEvaluator  - Running cycle() 998
[24.11.2012 01:22:29,755] [main] INFO  jcolibri.evaluation.evaluators.SameSplitEvaluator  - Running cycle() 999
[24.11.2012 01:22:30,691] [main] INFO  jcolibri.evaluation.evaluators.SameSplitEvaluator  - Running cycle() 1000
[24.11.2012 01:22:31,644] [main] INFO  jcolibri.evaluation.evaluators.SameSplitEvaluator  - Running cycle() 1001
[24.11.2012 01:22:32,595] [main] INFO  jcolibri.evaluation.evaluators.SameSplitEvaluator  - Running cycle() 1002
[24.11.2012 01:22:33,532] [main] INFO  jcolibri.evaluation.evaluators.SameSplitEvaluator  - Running cycle() 1003
[24.11.2012 01:22:34,484] [main] INFO  jcolibri.evaluation.evaluators.SameSplitEvaluator  - Running cycle() 1004
[24.11.2012 01:22:35,452] [main] INFO  jcolibri.evaluation.evaluators.SameSplitEvaluator  - Running cycle() 1005
[24.11.2012 01:22:36,497] [main] INFO  jcolibri.evaluation.evaluators.SameSplitEvaluator  - Running postcycle()
[24.11.2012 01:22:36,592] [main] INFO  jcolibri.casebase.CachedLinealCaseBase  - Deleting 0 cases from storage media
[24.11.2012 01:22:36,701] [main] INFO  jcolibri.casebase.CachedLinealCaseBase  - Storing 0 cases into storage media
[24.11.2012 11:01:00,651] [main] INFO  jcolibri.evaluation.evaluators.HoldOutEvaluator  - Running precycle()
[24.11.2012 11:01:01,056] [main] INFO  jcolibri.evaluation.evaluators.HoldOutEvaluator  - Running cycle() 0
[24.11.2012 11:01:34,119] [main] INFO  jcolibri.evaluation.evaluators.HoldOutEvaluator  - Running precycle()
[24.11.2012 11:01:34,521] [main] INFO  jcolibri.evaluation.evaluators.HoldOutEvaluator  - Running cycle() 0
[24.11.2012 11:01:36,031] [main] INFO  jcolibri.evaluation.evaluators.HoldOutEvaluator  - Running cycle() 1
[24.11.2012 11:03:45,209] [main] INFO  jcolibri.evaluation.evaluators.HoldOutEvaluator  - Running precycle()
[24.11.2012 11:05:47,101] [main] INFO  jcolibri.evaluation.evaluators.HoldOutEvaluator  - Running precycle()
[24.11.2012 11:05:47,486] [main] INFO  jcolibri.evaluation.evaluators.HoldOutEvaluator  - Running cycle() 0
[24.11.2012 11:05:49,117] [main] INFO  jcolibri.evaluation.evaluators.HoldOutEvaluator  - Running cycle() 1
[24.11.2012 11:05:50,173] [main] INFO  jcolibri.evaluation.evaluators.HoldOutEvaluator  - Running cycle() 2
[24.11.2012 11:05:51,308] [main] INFO  jcolibri.evaluation.evaluators.HoldOutEvaluator  - Running cycle() 3
[24.11.2012 11:05:52,343] [main] INFO  jcolibri.evaluation.evaluators.HoldOutEvaluator  - Running cycle() 4
[24.11.2012 11:05:53,415] [main] INFO  jcolibri.evaluation.evaluators.HoldOutEvaluator  - Running cycle() 5
[24.11.2012 11:05:54,441] [main] INFO  jcolibri.evaluation.evaluators.HoldOutEvaluator  - Running cycle() 6
[24.11.2012 11:05:55,440] [main] INFO  jcolibri.evaluation.evaluators.HoldOutEvaluator  - Running cycle() 7
[24.11.2012 11:21:27,112] [main] INFO  jcolibri.evaluation.evaluators.HoldOutEvaluator  - Running precycle()
[24.11.2012 11:21:27,494] [main] INFO  jcolibri.evaluation.evaluators.HoldOutEvaluator  - Running cycle() 0
[24.11.2012 11:21:29,164] [main] INFO  jcolibri.evaluation.evaluators.HoldOutEvaluator  - Running cycle() 1
[24.11.2012 11:21:30,284] [main] INFO  jcolibri.evaluation.evaluators.HoldOutEvaluator  - Running cycle() 2
[24.11.2012 11:21:31,312] [main] INFO  jcolibri.evaluation.evaluators.HoldOutEvaluator  - Running cycle() 3
[24.11.2012 11:21:32,341] [main] INFO  jcolibri.evaluation.evaluators.HoldOutEvaluator  - Running cycle() 4
[24.11.2012 11:21:33,489] [main] INFO  jcolibri.evaluation.evaluators.HoldOutEvaluator  - Running cycle() 5
[24.11.2012 11:21:34,515] [main] INFO  jcolibri.evaluation.evaluators.HoldOutEvaluator  - Running cycle() 6
[24.11.2012 11:21:35,518] [main] INFO  jcolibri.evaluation.evaluators.HoldOutEvaluator  - Running cycle() 7
[24.11.2012 11:21:36,607] [main] INFO  jcolibri.evaluation.evaluators.HoldOutEvaluator  - Running cycle() 8
[24.11.2012 11:21:37,636] [main] INFO  jcolibri.evaluation.evaluators.HoldOutEvaluator  - Running cycle() 9
[24.11.2012 11:21:38,700] [main] INFO  jcolibri.evaluation.evaluators.HoldOutEvaluator  - Running cycle() 10
[24.11.2012 11:21:40,099] [main] INFO  jcolibri.evaluation.evaluators.HoldOutEvaluator  - Running cycle() 11
[24.11.2012 11:21:41,299] [main] INFO  jcolibri.evaluation.evaluators.HoldOutEvaluator  - Running cycle() 12
[24.11.2012 11:21:42,284] [main] INFO  jcolibri.evaluation.evaluators.HoldOutEvaluator  - Running cycle() 13
[24.11.2012 11:21:43,251] [main] INFO  jcolibri.evaluation.evaluators.HoldOutEvaluator  - Running cycle() 14
[24.11.2012 11:21:44,219] [main] INFO  jcolibri.evaluation.evaluators.HoldOutEvaluator  - Running cycle() 15
[24.11.2012 11:21:45,198] [main] INFO  jcolibri.evaluation.evaluators.HoldOutEvaluator  - Running cycle() 16
[24.11.2012 11:21:46,163] [main] INFO  jcolibri.evaluation.evaluators.HoldOutEvaluator  - Running cycle() 17
[24.11.2012 11:21:47,129] [main] INFO  jcolibri.evaluation.evaluators.HoldOutEvaluator  - Running cycle() 18
[24.11.2012 11:21:48,090] [main] INFO  jcolibri.evaluation.evaluators.HoldOutEvaluator  - Running cycle() 19
[24.11.2012 11:21:49,056] [main] INFO  jcolibri.evaluation.evaluators.HoldOutEvaluator  - Running cycle() 20
[24.11.2012 11:21:50,044] [main] INFO  jcolibri.evaluation.evaluators.HoldOutEvaluator  - Running cycle() 21
[24.11.2012 11:21:51,029] [main] INFO  jcolibri.evaluation.evaluators.HoldOutEvaluator  - Running cycle() 22
[24.11.2012 11:21:52,002] [main] INFO  jcolibri.evaluation.evaluators.HoldOutEvaluator  - Running cycle() 23
[24.11.2012 11:21:52,971] [main] INFO  jcolibri.evaluation.evaluators.HoldOutEvaluator  - Running cycle() 24
[24.11.2012 11:21:53,937] [main] INFO  jcolibri.evaluation.evaluators.HoldOutEvaluator  - Running cycle() 25
[24.11.2012 11:21:54,918] [main] INFO  jcolibri.evaluation.evaluators.HoldOutEvaluator  - Running cycle() 26
[24.11.2012 11:21:55,902] [main] INFO  jcolibri.evaluation.evaluators.HoldOutEvaluator  - Running cycle() 27
[24.11.2012 11:21:56,910] [main] INFO  jcolibri.evaluation.evaluators.HoldOutEvaluator  - Running cycle() 28
[24.11.2012 11:21:57,918] [main] INFO  jcolibri.evaluation.evaluators.HoldOutEvaluator  - Running cycle() 29
[24.11.2012 11:21:59,047] [main] INFO  jcolibri.evaluation.evaluators.HoldOutEvaluator  - Running cycle() 30
[24.11.2012 11:22:00,229] [main] INFO  jcolibri.evaluation.evaluators.HoldOutEvaluator  - Running cycle() 31
[24.11.2012 11:22:01,351] [main] INFO  jcolibri.evaluation.evaluators.HoldOutEvaluator  - Running cycle() 32
[24.11.2012 11:22:02,422] [main] INFO  jcolibri.evaluation.evaluators.HoldOutEvaluator  - Running cycle() 33
[24.11.2012 11:22:03,471] [main] INFO  jcolibri.evaluation.evaluators.HoldOutEvaluator  - Running cycle() 34
[24.11.2012 11:22:04,521] [main] INFO  jcolibri.evaluation.evaluators.HoldOutEvaluator  - Running cycle() 35
[24.11.2012 11:22:05,570] [main] INFO  jcolibri.evaluation.evaluators.HoldOutEvaluator  - Running cycle() 36
[24.11.2012 11:22:06,637] [main] INFO  jcolibri.evaluation.evaluators.HoldOutEvaluator  - Running cycle() 37
[24.11.2012 11:22:07,706] [main] INFO  jcolibri.evaluation.evaluators.HoldOutEvaluator  - Running cycle() 38
[24.11.2012 11:22:08,784] [main] INFO  jcolibri.evaluation.evaluators.HoldOutEvaluator  - Running cycle() 39
[24.11.2012 11:22:09,908] [main] INFO  jcolibri.evaluation.evaluators.HoldOutEvaluator  - Running cycle() 40
[24.11.2012 11:22:11,026] [main] INFO  jcolibri.evaluation.evaluators.HoldOutEvaluator  - Running cycle() 41
[24.11.2012 11:22:12,175] [main] INFO  jcolibri.evaluation.evaluators.HoldOutEvaluator  - Running cycle() 42
[24.11.2012 11:22:13,170] [main] INFO  jcolibri.evaluation.evaluators.HoldOutEvaluator  - Running cycle() 43
[24.11.2012 11:22:14,148] [main] INFO  jcolibri.evaluation.evaluators.HoldOutEvaluator  - Running cycle() 44
[24.11.2012 11:22:15,110] [main] INFO  jcolibri.evaluation.evaluators.HoldOutEvaluator  - Running cycle() 45
[24.11.2012 11:22:16,104] [main] INFO  jcolibri.evaluation.evaluators.HoldOutEvaluator  - Running cycle() 46
[24.11.2012 11:22:17,112] [main] INFO  jcolibri.evaluation.evaluators.HoldOutEvaluator  - Running cycle() 47
[24.11.2012 11:22:18,091] [main] INFO  jcolibri.evaluation.evaluators.HoldOutEvaluator  - Running cycle() 48
[24.11.2012 11:22:19,061] [main] INFO  jcolibri.evaluation.evaluators.HoldOutEvaluator  - Running cycle() 49
[24.11.2012 11:22:20,049] [main] INFO  jcolibri.evaluation.evaluators.HoldOutEvaluator  - Running cycle() 50
[24.11.2012 11:22:21,024] [main] INFO  jcolibri.evaluation.evaluators.HoldOutEvaluator  - Running cycle() 51
[24.11.2012 11:22:21,994] [main] INFO  jcolibri.evaluation.evaluators.HoldOutEvaluator  - Running cycle() 52
[24.11.2012 11:22:22,972] [main] INFO  jcolibri.evaluation.evaluators.HoldOutEvaluator  - Running cycle() 53
[24.11.2012 11:22:23,970] [main] INFO  jcolibri.evaluation.evaluators.HoldOutEvaluator  - Running cycle() 54
[24.11.2012 11:22:24,946] [main] INFO  jcolibri.evaluation.evaluators.HoldOutEvaluator  - Running cycle() 55
[24.11.2012 11:22:25,936] [main] INFO  jcolibri.evaluation.evaluators.HoldOutEvaluator  - Running cycle() 56
[24.11.2012 11:22:26,902] [main] INFO  jcolibri.evaluation.evaluators.HoldOutEvaluator  - Running cycle() 57
[24.11.2012 11:22:27,871] [main] INFO  jcolibri.evaluation.evaluators.HoldOutEvaluator  - Running cycle() 58
[24.11.2012 11:22:28,863] [main] INFO  jcolibri.evaluation.evaluators.HoldOutEvaluator  - Running cycle() 59
[24.11.2012 11:22:29,836] [main] INFO  jcolibri.evaluation.evaluators.HoldOutEvaluator  - Running cycle() 60
[24.11.2012 11:22:30,814] [main] INFO  jcolibri.evaluation.evaluators.HoldOutEvaluator  - Running cycle() 61
[24.11.2012 11:22:31,782] [main] INFO  jcolibri.evaluation.evaluators.HoldOutEvaluator  - Running cycle() 62
[24.11.2012 11:22:32,743] [main] INFO  jcolibri.evaluation.evaluators.HoldOutEvaluator  - Running cycle() 63
[24.11.2012 11:22:33,712] [main] INFO  jcolibri.evaluation.evaluators.HoldOutEvaluator  - Running cycle() 64
[24.11.2012 11:22:34,717] [main] INFO  jcolibri.evaluation.evaluators.HoldOutEvaluator  - Running cycle() 65
[24.11.2012 11:22:35,682] [main] INFO  jcolibri.evaluation.evaluators.HoldOutEvaluator  - Running cycle() 66
[24.11.2012 11:22:36,675] [main] INFO  jcolibri.evaluation.evaluators.HoldOutEvaluator  - Running cycle() 67
[24.11.2012 11:22:37,646] [main] INFO  jcolibri.evaluation.evaluators.HoldOutEvaluator  - Running cycle() 68
[24.11.2012 11:22:38,616] [main] INFO  jcolibri.evaluation.evaluators.HoldOutEvaluator  - Running cycle() 69
[24.11.2012 11:22:39,586] [main] INFO  jcolibri.evaluation.evaluators.HoldOutEvaluator  - Running cycle() 70
[24.11.2012 11:22:40,587] [main] INFO  jcolibri.evaluation.evaluators.HoldOutEvaluator  - Running cycle() 71
[24.11.2012 11:22:41,565] [main] INFO  jcolibri.evaluation.evaluators.HoldOutEvaluator  - Running cycle() 72
[24.11.2012 11:22:42,532] [main] INFO  jcolibri.evaluation.evaluators.HoldOutEvaluator  - Running cycle() 73
[24.11.2012 11:22:43,501] [main] INFO  jcolibri.evaluation.evaluators.HoldOutEvaluator  - Running cycle() 74
[24.11.2012 11:22:44,522] [main] INFO  jcolibri.evaluation.evaluators.HoldOutEvaluator  - Running cycle() 75
[24.11.2012 11:22:45,510] [main] INFO  jcolibri.evaluation.evaluators.HoldOutEvaluator  - Running cycle() 76
[24.11.2012 11:22:46,496] [main] INFO  jcolibri.evaluation.evaluators.HoldOutEvaluator  - Running cycle() 77
[24.11.2012 11:22:47,475] [main] INFO  jcolibri.evaluation.evaluators.HoldOutEvaluator  - Running cycle() 78
[24.11.2012 11:22:48,443] [main] INFO  jcolibri.evaluation.evaluators.HoldOutEvaluator  - Running cycle() 79
[24.11.2012 11:22:49,409] [main] INFO  jcolibri.evaluation.evaluators.HoldOutEvaluator  - Running cycle() 80
[24.11.2012 11:22:50,374] [main] INFO  jcolibri.evaluation.evaluators.HoldOutEvaluator  - Running cycle() 81
[24.11.2012 11:22:51,349] [main] INFO  jcolibri.evaluation.evaluators.HoldOutEvaluator  - Running cycle() 82
[24.11.2012 11:22:52,337] [main] INFO  jcolibri.evaluation.evaluators.HoldOutEvaluator  - Running cycle() 83
[24.11.2012 11:22:53,327] [main] INFO  jcolibri.evaluation.evaluators.HoldOutEvaluator  - Running cycle() 84
[24.11.2012 11:22:54,299] [main] INFO  jcolibri.evaluation.evaluators.HoldOutEvaluator  - Running cycle() 85
[24.11.2012 11:22:55,275] [main] INFO  jcolibri.evaluation.evaluators.HoldOutEvaluator  - Running cycle() 86
[24.11.2012 11:22:56,251] [main] INFO  jcolibri.evaluation.evaluators.HoldOutEvaluator  - Running cycle() 87
[24.11.2012 11:22:57,218] [main] INFO  jcolibri.evaluation.evaluators.HoldOutEvaluator  - Running cycle() 88
[24.11.2012 11:22:58,195] [main] INFO  jcolibri.evaluation.evaluators.HoldOutEvaluator  - Running cycle() 89
[24.11.2012 11:22:59,163] [main] INFO  jcolibri.evaluation.evaluators.HoldOutEvaluator  - Running cycle() 90
[24.11.2012 11:23:00,143] [main] INFO  jcolibri.evaluation.evaluators.HoldOutEvaluator  - Running cycle() 91
[24.11.2012 11:23:01,121] [main] INFO  jcolibri.evaluation.evaluators.HoldOutEvaluator  - Running cycle() 92
[24.11.2012 11:23:02,088] [main] INFO  jcolibri.evaluation.evaluators.HoldOutEvaluator  - Running cycle() 93
[24.11.2012 11:23:03,050] [main] INFO  jcolibri.evaluation.evaluators.HoldOutEvaluator  - Running cycle() 94
[24.11.2012 11:23:04,031] [main] INFO  jcolibri.evaluation.evaluators.HoldOutEvaluator  - Running cycle() 95
[24.11.2012 11:23:05,005] [main] INFO  jcolibri.evaluation.evaluators.HoldOutEvaluator  - Running cycle() 96
[24.11.2012 11:23:05,977] [main] INFO  jcolibri.evaluation.evaluators.HoldOutEvaluator  - Running cycle() 97
[24.11.2012 11:23:06,965] [main] INFO  jcolibri.evaluation.evaluators.HoldOutEvaluator  - Running cycle() 98
[24.11.2012 11:23:07,940] [main] INFO  jcolibri.evaluation.evaluators.HoldOutEvaluator  - Running cycle() 99
[24.11.2012 11:23:09,032] [main] INFO  jcolibri.evaluation.evaluators.HoldOutEvaluator  - Running postcycle()
[24.11.2012 11:23:09,134] [main] INFO  jcolibri.casebase.CachedLinealCaseBase  - Deleting 0 cases from storage media
[24.11.2012 11:23:09,236] [main] INFO  jcolibri.casebase.CachedLinealCaseBase  - Storing 0 cases into storage media
[24.11.2012 17:38:31,744] [main] ERROR proyecto1.viajes.TravelRecommender  - java.lang.ArrayIndexOutOfBoundsException: 7
[24.11.2012 17:39:48,522] [main] ERROR proyecto1.viajes.TravelRecommender  - java.lang.NullPointerException
